<?xml version="1.0" encoding="UTF-8"?>
<!-- Generated by org.testng.reporters.JUnitXMLReporter -->
<testsuite hostname="PL-L-7004709" name="Default test" tests="4" failures="0" timestamp="14 Mar 2019 20:59:59 GMT" time="0.098" errors="0">
  <testcase name="div" time="0.019" classname="com.qa.test.DemoTest"/>
  <testcase name="mul" time="0.003" classname="com.qa.test.DemoTest"/>
  <testcase name="sub" time="0.006" classname="com.qa.test.DemoTest"/>
  <testcase name="sum" time="0.005" classname="com.qa.test.DemoTest"/>
</testsuite> <!-- Default test -->
