<?xml version="1.0" encoding="UTF-8"?>
<testng-results skipped="0" failed="0" ignored="0" total="12" passed="12">
  <reporter-output>
  </reporter-output>
  <suite name="Test Maven Suite" duration-ms="101" started-at="2019-03-15T20:30:33Z" finished-at="2019-03-15T20:30:33Z">
    <groups>
    </groups>
    <test name="Test Maven Testing" duration-ms="101" started-at="2019-03-15T20:30:33Z" finished-at="2019-03-15T20:30:33Z">
      <class name="com.qa.tests.DemoTest">
        <test-method status="PASS" signature="div()[pri:0, instance:com.qa.tests.DemoTest@129a8472]" name="div" duration-ms="35" started-at="2019-03-15T21:30:33Z" finished-at="2019-03-15T21:30:33Z">
          <reporter-output>
          </reporter-output>
        </test-method> <!-- div -->
        <test-method status="PASS" signature="mul()[pri:0, instance:com.qa.tests.DemoTest@129a8472]" name="mul" duration-ms="0" started-at="2019-03-15T21:30:33Z" finished-at="2019-03-15T21:30:33Z">
          <reporter-output>
          </reporter-output>
        </test-method> <!-- mul -->
        <test-method status="PASS" signature="sub()[pri:0, instance:com.qa.tests.DemoTest@129a8472]" name="sub" duration-ms="0" started-at="2019-03-15T21:30:33Z" finished-at="2019-03-15T21:30:33Z">
          <reporter-output>
          </reporter-output>
        </test-method> <!-- sub -->
        <test-method status="PASS" signature="sum()[pri:0, instance:com.qa.tests.DemoTest@129a8472]" name="sum" duration-ms="1" started-at="2019-03-15T21:30:33Z" finished-at="2019-03-15T21:30:33Z">
          <reporter-output>
          </reporter-output>
        </test-method> <!-- sum -->
      </class> <!-- com.qa.tests.DemoTest -->
      <class name="com.qa.tests.DemoTest1">
        <test-method status="PASS" signature="div()[pri:0, instance:com.qa.tests.DemoTest1@2d209079]" name="div" duration-ms="0" started-at="2019-03-15T21:30:33Z" finished-at="2019-03-15T21:30:33Z">
          <reporter-output>
          </reporter-output>
        </test-method> <!-- div -->
        <test-method status="PASS" signature="sub()[pri:0, instance:com.qa.tests.DemoTest1@2d209079]" name="sub" duration-ms="0" started-at="2019-03-15T21:30:33Z" finished-at="2019-03-15T21:30:33Z">
          <reporter-output>
          </reporter-output>
        </test-method> <!-- sub -->
        <test-method status="PASS" signature="mul()[pri:0, instance:com.qa.tests.DemoTest1@2d209079]" name="mul" duration-ms="0" started-at="2019-03-15T21:30:33Z" finished-at="2019-03-15T21:30:33Z">
          <reporter-output>
          </reporter-output>
        </test-method> <!-- mul -->
        <test-method status="PASS" signature="sum()[pri:0, instance:com.qa.tests.DemoTest1@2d209079]" name="sum" duration-ms="1" started-at="2019-03-15T21:30:33Z" finished-at="2019-03-15T21:30:33Z">
          <reporter-output>
          </reporter-output>
        </test-method> <!-- sum -->
      </class> <!-- com.qa.tests.DemoTest1 -->
      <class name="com.qa.tests.DemoTest2">
        <test-method status="PASS" signature="div()[pri:0, instance:com.qa.tests.DemoTest2@6bdf28bb]" name="div" duration-ms="0" started-at="2019-03-15T21:30:33Z" finished-at="2019-03-15T21:30:33Z">
          <reporter-output>
          </reporter-output>
        </test-method> <!-- div -->
        <test-method status="PASS" signature="sub()[pri:0, instance:com.qa.tests.DemoTest2@6bdf28bb]" name="sub" duration-ms="1" started-at="2019-03-15T21:30:33Z" finished-at="2019-03-15T21:30:33Z">
          <reporter-output>
          </reporter-output>
        </test-method> <!-- sub -->
        <test-method status="PASS" signature="mul()[pri:0, instance:com.qa.tests.DemoTest2@6bdf28bb]" name="mul" duration-ms="0" started-at="2019-03-15T21:30:33Z" finished-at="2019-03-15T21:30:33Z">
          <reporter-output>
          </reporter-output>
        </test-method> <!-- mul -->
        <test-method status="PASS" signature="sum()[pri:0, instance:com.qa.tests.DemoTest2@6bdf28bb]" name="sum" duration-ms="0" started-at="2019-03-15T21:30:33Z" finished-at="2019-03-15T21:30:33Z">
          <reporter-output>
          </reporter-output>
        </test-method> <!-- sum -->
      </class> <!-- com.qa.tests.DemoTest2 -->
    </test> <!-- Test Maven Testing -->
  </suite> <!-- Test Maven Suite -->
</testng-results>
