<?xml version="1.0" encoding="UTF-8"?>
<testng-results skipped="0" failed="0" total="4" passed="4">
  <reporter-output>
  </reporter-output>
  <suite name="Default suite" duration-ms="98" started-at="2019-03-14T20:59:59Z" finished-at="2019-03-14T20:59:59Z">
    <groups>
    </groups>
    <test name="Default test" duration-ms="98" started-at="2019-03-14T20:59:59Z" finished-at="2019-03-14T20:59:59Z">
      <class name="com.qa.test.DemoTest">
        <test-method status="PASS" signature="div()[pri:0, instance:com.qa.test.DemoTest@2344fc66]" name="div" duration-ms="19" started-at="2019-03-14T21:59:59Z" finished-at="2019-03-14T21:59:59Z">
          <reporter-output>
          </reporter-output>
        </test-method> <!-- div -->
        <test-method status="PASS" signature="mul()[pri:0, instance:com.qa.test.DemoTest@2344fc66]" name="mul" duration-ms="3" started-at="2019-03-14T21:59:59Z" finished-at="2019-03-14T21:59:59Z">
          <reporter-output>
          </reporter-output>
        </test-method> <!-- mul -->
        <test-method status="PASS" signature="sub()[pri:0, instance:com.qa.test.DemoTest@2344fc66]" name="sub" duration-ms="6" started-at="2019-03-14T21:59:59Z" finished-at="2019-03-14T21:59:59Z">
          <reporter-output>
          </reporter-output>
        </test-method> <!-- sub -->
        <test-method status="PASS" signature="sum()[pri:0, instance:com.qa.test.DemoTest@2344fc66]" name="sum" duration-ms="5" started-at="2019-03-14T21:59:59Z" finished-at="2019-03-14T21:59:59Z">
          <reporter-output>
          </reporter-output>
        </test-method> <!-- sum -->
      </class> <!-- com.qa.test.DemoTest -->
    </test> <!-- Default test -->
  </suite> <!-- Default suite -->
</testng-results>
